c:\users\imad\desktop\project2\project2\debug\vc120.pdb
c:\users\imad\desktop\project2\project2\debug\tinyxmlparser.obj
c:\users\imad\desktop\project2\project2\debug\tinyxmlerror.obj
c:\users\imad\desktop\project2\project2\debug\tinyxml.obj
c:\users\imad\desktop\project2\project2\debug\tinystr.obj
c:\users\imad\desktop\project2\project2\debug\swapfloatingleg.obj
c:\users\imad\desktop\project2\project2\debug\swapfixedleg.obj
c:\users\imad\desktop\project2\project2\debug\myform.obj
c:\users\imad\desktop\project2\project2\debug\mustvanilleswap.obj
c:\users\imad\desktop\project2\project2\debug\mustswaption.obj
c:\users\imad\desktop\project2\project2\debug\mustproduct.obj
c:\users\imad\desktop\project2\project2\debug\mustcapfloor.obj
c:\users\imad\desktop\project2\project2\debug\.netframework,version=v4.5.assemblyattributes.obj
c:\users\imad\desktop\project2\debug\project2.exe
c:\users\imad\desktop\project2\debug\project2.pdb
c:\users\imad\desktop\project2\project2\debug\project2.grecsform.resources
c:\users\imad\desktop\project2\project2\debug\project2.myform.resources
c:\users\imad\desktop\project2\project2\debug\project2.myformtable.resources
c:\users\imad\desktop\project2\project2\debug\project2.productchoice.resources
c:\users\imad\desktop\project2\project2\debug\project2.vcxproj.generateresource.cache
c:\users\imad\desktop\project2\project2\debug\project2.vcxprojresolveassemblyreference.cache
c:\users\imad\desktop\project2\project2\debug\project2.tlog\cl.command.1.tlog
c:\users\imad\desktop\project2\project2\debug\project2.tlog\cl.read.1.tlog
c:\users\imad\desktop\project2\project2\debug\project2.tlog\cl.write.1.tlog
c:\users\imad\desktop\project2\project2\debug\project2.tlog\link.command.1.tlog
c:\users\imad\desktop\project2\project2\debug\project2.tlog\link.read.1.tlog
c:\users\imad\desktop\project2\project2\debug\project2.tlog\link.write.1.tlog
c:\users\imad\desktop\project2\project2\debug\project2.tlog\metagen.read.1.tlog
c:\users\imad\desktop\project2\project2\debug\project2.tlog\metagen.write.1.tlog
c:\users\imad\desktop\project2\project2\debug\project2.tlog\project2.write.1u.tlog
c:\users\imad\desktop\project2\project2\debug\project2.tlog\tzres.dll.bi
