Build started 30/05/2016 14:14:30.
     1>Project "C:\Users\IMAD\Documents\Visual Studio 2013\Projects\Project2\Project2\Project2.vcxproj" on node 2 (Build target(s)).
     1>C:\Program Files (x86)\MSBuild\Microsoft.Cpp\v4.0\V120\Microsoft.CppBuild.targets(381,5): warning MSB8028: The intermediate directory (Debug\) contains files shared from another project (Projet Interface.vcxproj).  This can lead to incorrect clean and rebuild behavior.
     1>ClCompile:
         C:\Program Files (x86)\Microsoft Visual Studio 12.0\VC\bin\CL.exe /c /AI"C:\Program Files (x86)\Reference Assemblies\Microsoft\Framework\.NETFramework\v4.5\\" /AI"C:\Program Files (x86)\Windows Kits\8.1\References\CommonConfiguration\Neutral" /AI"C:\Program Files (x86)\Reference Assemblies\Microsoft\Framework\.NETFramework\v4.5\Facades\\" /Zi /clr /nologo /W3 /WX- /Od /Oy- /D WIN32 /D _SCL_SECURE_NO_DEPRECATE /D _CRT_SECURE_NO_DEPRECATE /D "<different options>" /D _UNICODE /D UNICODE /EHa /MDd /GS /fp:precise /Zc:wchar_t /Zc:forScope /Fo"Debug\\" /Fd"Debug\vc120.pdb" /TP /FU"C:\Program Files (x86)\Reference Assemblies\Microsoft\Framework\.NETFramework\v4.5\mscorlib.dll" /FU"C:\Program Files (x86)\Reference Assemblies\Microsoft\Framework\.NETFramework\v4.5\System.Data.dll" /FU"C:\Program Files (x86)\Reference Assemblies\Microsoft\Framework\.NETFramework\v4.5\System.dll" /FU"C:\Program Files (x86)\Reference Assemblies\Microsoft\Framework\.NETFramework\v4.5\System.Drawing.dll" /FU"C:\Program Files (x86)\Reference Assemblies\Microsoft\Framework\.NETFramework\v4.5\System.Windows.Forms.dll" /FU"C:\Program Files (x86)\Reference Assemblies\Microsoft\Framework\.NETFramework\v4.5\System.Xml.dll" /analyze- /errorReport:prompt /clr:nostdlib MyForm.cpp
         MyForm.cpp
     1>c:\users\imad\documents\visual studio 2013\projects\project2\project2\Catalogue.h(184): warning C4018: '<' : signed/unsigned mismatch
     1>c:\users\imad\documents\visual studio 2013\projects\project2\project2\Pricer.h(209): warning C4102: 'std' : unreferenced label
     1>c:\users\imad\documents\visual studio 2013\projects\project2\project2\EnumMust.h(23): warning C4101: 'ComponentMatrix' : unreferenced local variable
       Link:
         C:\Program Files (x86)\Microsoft Visual Studio 12.0\VC\bin\link.exe /ERRORREPORT:PROMPT /OUT:"C:\Users\IMAD\Documents\Visual Studio 2013\Projects\Project2\Debug\Project2.exe" /INCREMENTAL /NOLOGO /ASSEMBLYRESOURCE:Debug\Project2.GrecsForm.resources /ASSEMBLYRESOURCE:Debug\Project2.MyForm.resources /ASSEMBLYRESOURCE:Debug\Project2.MyFormTable.resources /ASSEMBLYRESOURCE:Debug\Project2.ProductChoice.resources /MANIFEST /MANIFESTUAC:"level='asInvoker' uiAccess='false'" /manifest:embed /DEBUG /PDB:"C:\Users\IMAD\Documents\Visual Studio 2013\Projects\Project2\Debug\Project2.pdb" /ASSEMBLYDEBUG /SUBSYSTEM:WINDOWS /TLBID:1 /ENTRY:"main" /DYNAMICBASE /FIXED:NO /NXCOMPAT /MACHINE:X86 Debug\MustCapFloor.obj
         Debug\MustProduct.obj
         Debug\MustSwaption.obj
         Debug\MustVanilleSwap.obj
         Debug\MyForm.obj
         Debug\SwapFixedLeg.obj
         Debug\SwapFloatingLeg.obj
         Debug\tinystr.obj
         Debug\tinyxml.obj
         Debug\tinyxmlerror.obj
         Debug\tinyxmlparser.obj
         "Debug\.NETFramework,Version=v4.5.AssemblyAttributes.obj"
     1>QuantLib-vc120-mt-gd.lib(timegrid.obj) : warning LNK4075: ignoring '/EDITANDCONTINUE' due to '/OPT:LBR' specification
         Project2.vcxproj -> C:\Users\IMAD\Documents\Visual Studio 2013\Projects\Project2\Debug\Project2.exe
     1>Done Building Project "C:\Users\IMAD\Documents\Visual Studio 2013\Projects\Project2\Project2\Project2.vcxproj" (Build target(s)).

Build succeeded.

Time Elapsed 00:00:43.20
